TN:
SF:src/main.ts
FN:22,(anonymous_0)
FN:29,(anonymous_1)
FN:33,(anonymous_3)
FN:33,(anonymous_4)
FN:46,(anonymous_5)
FN:50,(anonymous_6)
FN:56,(anonymous_7)
FN:60,(anonymous_8)
FN:60,(anonymous_9)
FN:73,(anonymous_10)
FN:93,(anonymous_11)
FN:108,(anonymous_12)
FN:110,(anonymous_13)
FN:110,(anonymous_14)
FN:118,(anonymous_15)
FN:118,(anonymous_16)
FN:126,(anonymous_17)
FN:131,(anonymous_18)
FN:132,(anonymous_20)
FN:132,(anonymous_21)
FN:142,(anonymous_22)
FN:145,(anonymous_23)
FN:150,(anonymous_24)
FN:157,(anonymous_25)
FN:166,(anonymous_27)
FN:170,(anonymous_29)
FN:175,(anonymous_31)
FN:192,(anonymous_33)
FN:206,(anonymous_35)
FN:219,(anonymous_37)
FN:219,(anonymous_38)
FN:230,(anonymous_39)
FNF:32
FNH:9
FNDA:4,(anonymous_0)
FNDA:1,(anonymous_1)
FNDA:0,(anonymous_3)
FNDA:0,(anonymous_4)
FNDA:0,(anonymous_5)
FNDA:1,(anonymous_6)
FNDA:1,(anonymous_7)
FNDA:0,(anonymous_8)
FNDA:0,(anonymous_9)
FNDA:0,(anonymous_10)
FNDA:0,(anonymous_11)
FNDA:1,(anonymous_12)
FNDA:0,(anonymous_13)
FNDA:0,(anonymous_14)
FNDA:0,(anonymous_15)
FNDA:0,(anonymous_16)
FNDA:0,(anonymous_17)
FNDA:0,(anonymous_18)
FNDA:0,(anonymous_20)
FNDA:0,(anonymous_21)
FNDA:1,(anonymous_22)
FNDA:0,(anonymous_23)
FNDA:0,(anonymous_24)
FNDA:0,(anonymous_25)
FNDA:5,(anonymous_27)
FNDA:1,(anonymous_29)
FNDA:0,(anonymous_31)
FNDA:0,(anonymous_33)
FNDA:0,(anonymous_35)
FNDA:0,(anonymous_37)
FNDA:0,(anonymous_38)
FNDA:2,(anonymous_39)
DA:1,1
DA:9,1
DA:16,1
DA:17,1
DA:18,1
DA:19,1
DA:20,1
DA:22,1
DA:27,4
DA:30,1
DA:31,1
DA:32,1
DA:33,1
DA:34,0
DA:35,0
DA:37,0
DA:38,0
DA:41,1
DA:42,1
DA:43,1
DA:47,0
DA:51,1
DA:52,1
DA:53,1
DA:57,1
DA:60,0
DA:61,0
DA:62,0
DA:64,0
DA:65,0
DA:70,1
DA:74,0
DA:75,0
DA:78,0
DA:79,0
DA:82,0
DA:83,0
DA:84,0
DA:86,0
DA:90,1
DA:94,0
DA:95,0
DA:96,0
DA:99,0
DA:100,0
DA:101,0
DA:103,0
DA:109,1
DA:110,0
DA:111,0
DA:112,0
DA:117,1
DA:118,0
DA:119,0
DA:120,0
DA:127,0
DA:128,0
DA:132,0
DA:133,0
DA:134,0
DA:136,0
DA:137,0
DA:143,1
DA:145,1
DA:146,0
DA:151,0
DA:152,0
DA:153,0
DA:158,0
DA:159,0
DA:160,0
DA:161,0
DA:167,5
DA:171,1
DA:172,1
DA:176,0
DA:177,0
DA:178,0
DA:180,0
DA:182,0
DA:183,0
DA:184,0
DA:186,0
DA:187,0
DA:188,0
DA:193,0
DA:194,0
DA:196,0
DA:197,0
DA:198,0
DA:199,0
DA:201,0
DA:202,0
DA:207,0
DA:208,0
DA:209,0
DA:211,0
DA:212,0
DA:213,0
DA:216,0
DA:219,0
DA:220,0
DA:225,0
DA:226,0
DA:231,2
DA:232,2
DA:234,1
DA:235,0
DA:236,0
DA:239,1
DA:240,1
DA:243,1
DA:245,1
DA:246,1
DA:247,1
LF:115
LH:38
BRDA:75,0,0,0
BRDA:75,0,1,0
BRDA:76,1,0,0
BRDA:76,1,1,0
BRDA:76,2,0,0
BRDA:76,2,1,0
BRDA:78,3,0,0
BRDA:79,4,0,0
BRDA:79,4,1,0
BRDA:79,5,0,0
BRDA:79,5,1,0
BRDA:82,6,0,0
BRDA:82,7,0,0
BRDA:82,7,1,0
BRDA:82,8,0,0
BRDA:82,8,1,0
BRDA:95,9,0,0
BRDA:99,10,0,0
BRDA:111,11,0,0
BRDA:111,12,0,0
BRDA:111,12,1,0
BRDA:119,13,0,0
BRDA:119,14,0,0
BRDA:119,14,1,0
BRDA:127,15,0,0
BRDA:128,16,0,0
BRDA:128,16,1,0
BRDA:143,17,0,0
BRDA:151,18,0,0
BRDA:160,19,0,0
BRDA:178,20,0,0
BRDA:178,20,1,0
BRDA:178,21,0,0
BRDA:178,21,1,0
BRDA:180,22,0,0
BRDA:180,23,0,0
BRDA:180,23,1,0
BRDA:180,24,0,0
BRDA:180,24,1,0
BRDA:193,25,0,0
BRDA:193,25,1,0
BRDA:193,26,0,0
BRDA:193,26,1,0
BRDA:194,27,0,0
BRDA:194,28,0,0
BRDA:194,28,1,0
BRDA:194,29,0,0
BRDA:194,29,1,0
BRDA:211,30,0,0
BRDA:234,31,0,0
BRF:50
BRH:0
end_of_record
TN:
SF:src/services/AsanaService.ts
FN:15,(anonymous_0)
FN:19,(anonymous_1)
FN:35,(anonymous_2)
FN:44,(anonymous_4)
FN:52,(anonymous_6)
FN:53,(anonymous_7)
FN:63,(anonymous_8)
FN:69,(anonymous_10)
FN:75,(anonymous_11)
FN:86,(anonymous_12)
FN:90,(anonymous_13)
FN:106,(anonymous_14)
FN:115,(anonymous_16)
FN:119,(anonymous_18)
FN:120,(anonymous_19)
FN:131,(anonymous_20)
FNF:16
FNH:9
FNDA:4,(anonymous_0)
FNDA:4,(anonymous_1)
FNDA:1,(anonymous_2)
FNDA:1,(anonymous_4)
FNDA:2,(anonymous_6)
FNDA:1,(anonymous_7)
FNDA:1,(anonymous_8)
FNDA:1,(anonymous_10)
FNDA:0,(anonymous_11)
FNDA:0,(anonymous_12)
FNDA:0,(anonymous_13)
FNDA:1,(anonymous_14)
FNDA:0,(anonymous_16)
FNDA:0,(anonymous_18)
FNDA:0,(anonymous_19)
FNDA:0,(anonymous_20)
DA:2,2
DA:12,2
DA:16,4
DA:20,4
DA:21,0
DA:22,0
DA:25,4
DA:26,4
DA:30,0
DA:31,0
DA:36,1
DA:37,1
DA:39,0
DA:40,0
DA:45,1
DA:46,1
DA:51,1
DA:52,2
DA:53,1
DA:58,0
DA:59,0
DA:64,1
DA:65,1
DA:69,1
DA:75,0
DA:86,0
DA:90,0
DA:101,0
DA:102,0
DA:107,1
DA:108,1
DA:110,0
DA:111,0
DA:116,0
DA:117,0
DA:118,0
DA:119,0
DA:120,0
DA:126,0
DA:127,0
DA:132,0
LF:41
LH:18
BRDA:20,0,0,0
BRDA:81,1,0,0
BRDA:81,1,1,1
BRF:3
BRH:1
end_of_record
TN:
SF:src/services/TaskFileService.ts
FN:12,(anonymous_0)
FN:14,(anonymous_1)
FN:42,(anonymous_3)
FN:46,(anonymous_4)
FN:52,(anonymous_5)
FN:53,(anonymous_6)
FN:56,(anonymous_7)
FN:63,(anonymous_8)
FN:65,(anonymous_9)
FN:74,(anonymous_10)
FN:78,(anonymous_11)
FNF:11
FNH:11
FNDA:4,(anonymous_0)
FNDA:2,(anonymous_1)
FNDA:2,(anonymous_3)
FNDA:2,(anonymous_4)
FNDA:2,(anonymous_5)
FNDA:2,(anonymous_6)
FNDA:2,(anonymous_7)
FNDA:18,(anonymous_8)
FNDA:4,(anonymous_9)
FNDA:2,(anonymous_10)
FNDA:2,(anonymous_11)
DA:1,2
DA:11,2
DA:12,4
DA:15,2
DA:16,2
DA:18,2
DA:19,2
DA:21,2
DA:23,2
DA:26,2
DA:27,2
DA:29,2
DA:30,0
DA:32,2
DA:35,2
DA:37,0
DA:38,0
DA:43,2
DA:47,2
DA:52,2
DA:53,2
DA:57,2
DA:58,2
DA:62,2
DA:64,18
DA:65,4
DA:67,14
DA:71,2
DA:75,2
DA:80,2
DA:81,2
DA:84,2
DA:85,2
DA:87,2
LF:34
LH:31
BRDA:29,0,0,0
BRDA:29,0,1,2
BRDA:49,1,0,0
BRDA:49,1,1,2
BRDA:50,2,0,2
BRDA:50,2,1,0
BRDA:51,3,0,2
BRDA:51,3,1,0
BRDA:51,4,0,0
BRDA:51,4,1,2
BRDA:51,5,0,2
BRDA:51,5,1,2
BRDA:57,6,0,2
BRDA:57,6,1,0
BRDA:64,7,0,4
BRDA:75,8,0,2
BRDA:75,8,1,0
BRDA:81,9,0,1
BRDA:81,9,1,1
BRDA:85,10,0,1
BRDA:85,10,1,1
BRDA:91,11,0,2
BRDA:91,11,1,1
BRF:23
BRH:16
end_of_record
TN:
SF:src/services/TaskSyncQueue.ts
FN:3,(anonymous_0)
FN:7,(anonymous_1)
FN:12,(anonymous_3)
FNF:3
FNH:3
FNDA:3,(anonymous_0)
FNDA:7,(anonymous_1)
FNDA:7,(anonymous_3)
DA:3,2
DA:4,3
DA:5,3
DA:8,7
DA:9,7
DA:13,7
DA:15,5
DA:16,5
DA:17,5
DA:19,5
DA:20,5
DA:23,4
DA:26,4
DA:27,0
LF:14
LH:13
BRDA:13,0,0,2
BRDA:13,1,0,7
BRDA:13,1,1,5
BRDA:26,2,0,0
BRF:4
BRH:3
end_of_record
TN:
SF:src/ui/ProjectSelectionModal.ts
FN:8,(anonymous_0)
FN:14,(anonymous_1)
FN:21,(anonymous_2)
FN:27,(anonymous_3)
FN:27,(anonymous_4)
FN:34,(anonymous_5)
FNF:6
FNH:0
FNDA:0,(anonymous_0)
FNDA:0,(anonymous_1)
FNDA:0,(anonymous_2)
FNDA:0,(anonymous_3)
FNDA:0,(anonymous_4)
FNDA:0,(anonymous_5)
DA:1,1
DA:4,1
DA:9,0
DA:10,0
DA:11,0
DA:15,0
DA:16,0
DA:17,0
DA:19,0
DA:21,0
DA:22,0
DA:27,0
DA:28,0
DA:29,0
DA:35,0
DA:36,0
LF:16
LH:2
BRF:0
BRH:0
end_of_record
TN:
SF:src/ui/SettingsTab.ts
FN:7,(anonymous_0)
FN:12,(anonymous_1)
FN:19,(anonymous_2)
FN:22,(anonymous_3)
FN:22,(anonymous_4)
FN:30,(anonymous_5)
FN:33,(anonymous_6)
FN:33,(anonymous_7)
FN:41,(anonymous_8)
FN:44,(anonymous_9)
FN:44,(anonymous_10)
FN:52,(anonymous_11)
FN:55,(anonymous_12)
FN:55,(anonymous_13)
FNF:14
FNH:1
FNDA:1,(anonymous_0)
FNDA:0,(anonymous_1)
FNDA:0,(anonymous_2)
FNDA:0,(anonymous_3)
FNDA:0,(anonymous_4)
FNDA:0,(anonymous_5)
FNDA:0,(anonymous_6)
FNDA:0,(anonymous_7)
FNDA:0,(anonymous_8)
FNDA:0,(anonymous_9)
FNDA:0,(anonymous_10)
FNDA:0,(anonymous_11)
FNDA:0,(anonymous_12)
FNDA:0,(anonymous_13)
DA:1,1
DA:4,1
DA:8,1
DA:9,1
DA:13,0
DA:14,0
DA:16,0
DA:19,0
DA:22,0
DA:23,0
DA:24,0
DA:27,0
DA:30,0
DA:33,0
DA:34,0
DA:35,0
DA:38,0
DA:41,0
DA:44,0
DA:45,0
DA:46,0
DA:49,0
DA:52,0
DA:55,0
DA:56,0
DA:57,0
DA:58,0
DA:59,0
LF:28
LH:4
BRDA:57,0,0,0
BRDA:57,1,0,0
BRDA:57,1,1,0
BRF:3
BRH:0
end_of_record
